<?xml version="1.0" encoding="UTF-8"?>
<testng-results ignored="0" total="1" passed="1" failed="0" skipped="0">
  <reporter-output>
  </reporter-output>
  <suite started-at="2023-11-27T11:34:03 IST" name="Default suite" finished-at="2023-11-27T11:35:06 IST" duration-ms="62766">
    <groups>
    </groups>
    <test started-at="2023-11-27T11:34:03 IST" name="Default test" finished-at="2023-11-27T11:35:06 IST" duration-ms="62766">
      <class name="scripts.SSLExpired">
        <test-method signature="clickAction()[pri:0, instance:scripts.SSLExpired@f6efaab]" started-at="2023-11-27T11:34:03 IST" name="clickAction" finished-at="2023-11-27T11:35:02 IST" duration-ms="58260" status="PASS">
          <reporter-output>
          </reporter-output>
        </test-method> <!-- clickAction -->
        <test-method is-config="true" signature="quit()[pri:0, instance:scripts.SSLExpired@f6efaab]" started-at="2023-11-27T11:35:02 IST" name="quit" finished-at="2023-11-27T11:35:06 IST" duration-ms="4255" status="PASS">
          <reporter-output>
          </reporter-output>
        </test-method> <!-- quit -->
      </class> <!-- scripts.SSLExpired -->
    </test> <!-- Default test -->
  </suite> <!-- Default suite -->
</testng-results>
