<?xml version="1.0" encoding="UTF-8"?>
<testng-results ignored="0" total="3" passed="3" failed="0" skipped="0">
  <reporter-output>
  </reporter-output>
  <suite started-at="2023-11-14T11:46:29 IST" name="Suite" finished-at="2023-11-14T11:49:06 IST" duration-ms="157529">
    <groups>
    </groups>
    <test started-at="2023-11-14T11:46:29 IST" name="ChromeTest" finished-at="2023-11-14T11:47:03 IST" duration-ms="34424">
      <class name="crossbrowser.Browsertest">
        <test-method is-config="true" signature="setUp(java.lang.String)[pri:0, instance:crossbrowser.Browsertest@436813f3]" started-at="2023-11-14T11:46:29 IST" name="setUp" finished-at="2023-11-14T11:46:56 IST" duration-ms="27427" status="PASS">
          <params>
            <param index="0">
              <value>
                <![CDATA[chrome]]>
              </value>
            </param>
          </params>
          <reporter-output>
          </reporter-output>
        </test-method> <!-- setUp -->
        <test-method signature="url()[pri:0, instance:crossbrowser.Browsertest@436813f3]" started-at="2023-11-14T11:46:57 IST" name="url" finished-at="2023-11-14T11:47:03 IST" duration-ms="6697" status="PASS">
          <reporter-output>
          </reporter-output>
        </test-method> <!-- url -->
      </class> <!-- crossbrowser.Browsertest -->
    </test> <!-- ChromeTest -->
    <test started-at="2023-11-14T11:47:04 IST" name="EdgeTest" finished-at="2023-11-14T11:47:58 IST" duration-ms="53527">
      <class name="crossbrowser.Browsertest">
        <test-method is-config="true" signature="setUp(java.lang.String)[pri:0, instance:crossbrowser.Browsertest@1aafa419]" started-at="2023-11-14T11:47:04 IST" name="setUp" finished-at="2023-11-14T11:47:40 IST" duration-ms="35492" status="PASS">
          <params>
            <param index="0">
              <value>
                <![CDATA[edge]]>
              </value>
            </param>
          </params>
          <reporter-output>
          </reporter-output>
        </test-method> <!-- setUp -->
        <test-method signature="url()[pri:0, instance:crossbrowser.Browsertest@1aafa419]" started-at="2023-11-14T11:47:40 IST" name="url" finished-at="2023-11-14T11:47:57 IST" duration-ms="16623" status="PASS">
          <reporter-output>
          </reporter-output>
        </test-method> <!-- url -->
      </class> <!-- crossbrowser.Browsertest -->
    </test> <!-- EdgeTest -->
    <test started-at="2023-11-14T11:47:59 IST" name="FirefoxTest" finished-at="2023-11-14T11:49:06 IST" duration-ms="67629">
      <class name="crossbrowser.Browsertest">
        <test-method is-config="true" signature="setUp(java.lang.String)[pri:0, instance:crossbrowser.Browsertest@235834f2]" started-at="2023-11-14T11:47:59 IST" name="setUp" finished-at="2023-11-14T11:48:46 IST" duration-ms="47129" status="PASS">
          <params>
            <param index="0">
              <value>
                <![CDATA[firefox]]>
              </value>
            </param>
          </params>
          <reporter-output>
          </reporter-output>
        </test-method> <!-- setUp -->
        <test-method signature="url()[pri:0, instance:crossbrowser.Browsertest@235834f2]" started-at="2023-11-14T11:48:46 IST" name="url" finished-at="2023-11-14T11:49:06 IST" duration-ms="19644" status="PASS">
          <reporter-output>
          </reporter-output>
        </test-method> <!-- url -->
      </class> <!-- crossbrowser.Browsertest -->
    </test> <!-- FirefoxTest -->
  </suite> <!-- Suite -->
</testng-results>
